# JRE version: OpenJDK Runtime Environment (8.0_242-b01) (build 1.8.0_242-release-1644-b01)
# Java VM: OpenJDK 64-Bit Server VM (25.242-b01 mixed mode windows-amd64 compressed oops)
Heap:
 PSYoungGen      total 267264K, used 238544K [0x00000000eab00000, 0x0000000100000000, 0x0000000100000000)
  eden space 201728K, 89% used [0x00000000eab00000,0x00000000f5a748c8,0x00000000f7000000)
  from space 65536K, 89% used [0x00000000fc000000,0x00000000ff97f920,0x0000000100000000)
  to   space 73728K, 0% used [0x00000000f7000000,0x00000000f7000000,0x00000000fb800000)
 ParOldGen       total 192000K, used 111053K [0x00000000c0000000, 0x00000000cbb80000, 0x00000000eab00000)
  object space 192000K, 57% used [0x00000000c0000000,0x00000000c6c734d0,0x00000000cbb80000)
 Metaspace       used 134223K, capacity 141550K, committed 141644K, reserved 1175552K
  class space    used 17835K, capacity 19252K, committed 19328K, reserved 1048576K
GC Heap History (10 events):
Event: 305.444 GC heap before
{Heap before GC invocations=30 (full 4):
 PSYoungGen      total 289792K, used 289576K [0x00000000eab00000, 0x0000000100000000, 0x0000000100000000)
  eden space 250880K, 100% used [0x00000000eab00000,0x00000000fa000000,0x00000000fa000000)
  from space 38912K, 99% used [0x00000000fa000000,0x00000000fc5ca380,0x00000000fc600000)
  to   space 53760K, 0% used [0x00000000fcb80000,0x00000000fcb80000,0x0000000100000000)
 ParOldGen       total 192000K, used 101498K [0x00000000c0000000, 0x00000000cbb80000, 0x00000000eab00000)
  object space 192000K, 52% used [0x00000000c0000000,0x00000000c631e960,0x00000000cbb80000)
 Metaspace       used 109129K, capacity 114938K, committed 115148K, reserved 1148928K
  class space    used 14482K, capacity 15582K, committed 15616K, reserved 1048576K
Event: 305.569 GC heap after
Heap after GC invocations=30 (full 4):
 PSYoungGen      total 287232K, used 41036K [0x00000000eab00000, 0x0000000100000000, 0x0000000100000000)
  eden space 233472K, 0% used [0x00000000eab00000,0x00000000eab00000,0x00000000f8f00000)
  from space 53760K, 76% used [0x00000000fcb80000,0x00000000ff393390,0x0000000100000000)
  to   space 57856K, 0% used [0x00000000f8f00000,0x00000000f8f00000,0x00000000fc780000)
 ParOldGen       total 192000K, used 111021K [0x00000000c0000000, 0x00000000cbb80000, 0x00000000eab00000)
  object space 192000K, 57% used [0x00000000c0000000,0x00000000c6c6b4d0,0x00000000cbb80000)
 Metaspace       used 109129K, capacity 114938K, committed 115148K, reserved 1148928K
  class space    used 14482K, capacity 15582K, committed 15616K, reserved 1048576K
}
Event: 686.871 GC heap before
{Heap before GC invocations=31 (full 4):
 PSYoungGen      total 287232K, used 274508K [0x00000000eab00000, 0x0000000100000000, 0x0000000100000000)
  eden space 233472K, 100% used [0x00000000eab00000,0x00000000f8f00000,0x00000000f8f00000)
  from space 53760K, 76% used [0x00000000fcb80000,0x00000000ff393390,0x0000000100000000)
  to   space 57856K, 0% used [0x00000000f8f00000,0x00000000f8f00000,0x00000000fc780000)
 ParOldGen       total 192000K, used 111021K [0x00000000c0000000, 0x00000000cbb80000, 0x00000000eab00000)
  object space 192000K, 57% used [0x00000000c0000000,0x00000000c6c6b4d0,0x00000000cbb80000)
 Metaspace       used 112995K, capacity 119270K, committed 119372K, reserved 1153024K
  class space    used 14975K, capacity 16168K, committed 16256K, reserved 1048576K
Event: 687.209 GC heap after
Heap after GC invocations=31 (full 4):
 PSYoungGen      total 272896K, used 39193K [0x00000000eab00000, 0x0000000100000000, 0x0000000100000000)
  eden space 233472K, 0% used [0x00000000eab00000,0x00000000eab00000,0x00000000f8f00000)
  from space 39424K, 99% used [0x00000000f8f00000,0x00000000fb5466f8,0x00000000fb580000)
  to   space 60928K, 0% used [0x00000000fc480000,0x00000000fc480000,0x0000000100000000)
 ParOldGen       total 192000K, used 111029K [0x00000000c0000000, 0x00000000cbb80000, 0x00000000eab00000)
  object space 192000K, 57% used [0x00000000c0000000,0x00000000c6c6d4d0,0x00000000cbb80000)
 Metaspace       used 112995K, capacity 119270K, committed 119372K, reserved 1153024K
  class space    used 14975K, capacity 16168K, committed 16256K, reserved 1048576K
}
Event: 742.997 GC heap before
{Heap before GC invocations=32 (full 4):
 PSYoungGen      total 272896K, used 272665K [0x00000000eab00000, 0x0000000100000000, 0x0000000100000000)
  eden space 233472K, 100% used [0x00000000eab00000,0x00000000f8f00000,0x00000000f8f00000)
  from space 39424K, 99% used [0x00000000f8f00000,0x00000000fb5466f8,0x00000000fb580000)
  to   space 60928K, 0% used [0x00000000fc480000,0x00000000fc480000,0x0000000100000000)
 ParOldGen       total 192000K, used 111029K [0x00000000c0000000, 0x00000000cbb80000, 0x00000000eab00000)
  object space 192000K, 57% used [0x00000000c0000000,0x00000000c6c6d4d0,0x00000000cbb80000)
 Metaspace       used 115823K, capacity 122272K, committed 122572K, reserved 1155072K
  class space    used 15275K, capacity 16553K, committed 16640K, reserved 1048576K
Event: 743.279 GC heap after
Heap after GC invocations=32 (full 4):
 PSYoungGen      total 286208K, used 36044K [0x00000000eab00000, 0x0000000100000000, 0x0000000100000000)
  eden space 225280K, 0% used [0x00000000eab00000,0x00000000eab00000,0x00000000f8700000)
  from space 60928K, 59% used [0x00000000fc480000,0x00000000fe7b30c0,0x0000000100000000)
  to   space 61952K, 0% used [0x00000000f8700000,0x00000000f8700000,0x00000000fc380000)
 ParOldGen       total 192000K, used 111037K [0x00000000c0000000, 0x00000000cbb80000, 0x00000000eab00000)
  object space 192000K, 57% used [0x00000000c0000000,0x00000000c6c6f4d0,0x00000000cbb80000)
 Metaspace       used 115823K, capacity 122272K, committed 122572K, reserved 1155072K
  class space    used 15275K, capacity 16553K, committed 16640K, reserved 1048576K
}
Event: 747.588 GC heap before
{Heap before GC invocations=33 (full 4):
 PSYoungGen      total 286208K, used 261324K [0x00000000eab00000, 0x0000000100000000, 0x0000000100000000)
  eden space 225280K, 100% used [0x00000000eab00000,0x00000000f8700000,0x00000000f8700000)
  from space 60928K, 59% used [0x00000000fc480000,0x00000000fe7b30c0,0x0000000100000000)
  to   space 61952K, 0% used [0x00000000f8700000,0x00000000f8700000,0x00000000fc380000)
 ParOldGen       total 192000K, used 111037K [0x00000000c0000000, 0x00000000cbb80000, 0x00000000eab00000)
  object space 192000K, 57% used [0x00000000c0000000,0x00000000c6c6f4d0,0x00000000cbb80000)
 Metaspace       used 122328K, capacity 129018K, committed 129228K, reserved 1161216K
  class space    used 16072K, capacity 17371K, committed 17408K, reserved 1048576K
Event: 747.699 GC heap after
Heap after GC invocations=33 (full 4):
 PSYoungGen      total 271360K, used 45826K [0x00000000eab00000, 0x0000000100000000, 0x0000000100000000)
  eden space 225280K, 0% used [0x00000000eab00000,0x00000000eab00000,0x00000000f8700000)
  from space 46080K, 99% used [0x00000000f8700000,0x00000000fb3c08c0,0x00000000fb400000)
  to   space 65536K, 0% used [0x00000000fc000000,0x00000000fc000000,0x0000000100000000)
 ParOldGen       total 192000K, used 111045K [0x00000000c0000000, 0x00000000cbb80000, 0x00000000eab00000)
  object space 192000K, 57% used [0x00000000c0000000,0x00000000c6c714d0,0x00000000cbb80000)
 Metaspace       used 122328K, capacity 129018K, committed 129228K, reserved 1161216K
  class space    used 16072K, capacity 17371K, committed 17408K, reserved 1048576K
}
Event: 795.907 GC heap before
{Heap before GC invocations=34 (full 4):
 PSYoungGen      total 271360K, used 271106K [0x00000000eab00000, 0x0000000100000000, 0x0000000100000000)
  eden space 225280K, 100% used [0x00000000eab00000,0x00000000f8700000,0x00000000f8700000)
  from space 46080K, 99% used [0x00000000f8700000,0x00000000fb3c08c0,0x00000000fb400000)
  to   space 65536K, 0% used [0x00000000fc000000,0x00000000fc000000,0x0000000100000000)
 ParOldGen       total 192000K, used 111045K [0x00000000c0000000, 0x00000000cbb80000, 0x00000000eab00000)
  object space 192000K, 57% used [0x00000000c0000000,0x00000000c6c714d0,0x00000000cbb80000)
 Metaspace       used 133131K, capacity 140364K, committed 140748K, reserved 1171456K
  class space    used 17722K, capacity 19139K, committed 19200K, reserved 1048576K
Event: 796.163 GC heap after
Heap after GC invocations=34 (full 4):
 PSYoungGen      total 267264K, used 58878K [0x00000000eab00000, 0x0000000100000000, 0x0000000100000000)
  eden space 201728K, 0% used [0x00000000eab00000,0x00000000eab00000,0x00000000f7000000)
  from space 65536K, 89% used [0x00000000fc000000,0x00000000ff97f920,0x0000000100000000)
  to   space 73728K, 0% used [0x00000000f7000000,0x00000000f7000000,0x00000000fb800000)
 ParOldGen       total 192000K, used 111053K [0x00000000c0000000, 0x00000000cbb80000, 0x00000000eab00000)
  object space 192000K, 57% used [0x00000000c0000000,0x00000000c6c734d0,0x00000000cbb80000)
 Metaspace       used 133131K, capacity 140364K, committed 140748K, reserved 1171456K
  class space    used 17722K, capacity 19139K, committed 19200K, reserved 1048576K
}

